3,0,0.47499406337738037,0.47499406337738037,0.8228185176849365
3,1,4.720000743865967,2.5974974632263184,0.9063146114349365
3,2,2.559692144393921,2.5848958492279053,0.988762378692627
3,3,1.1220029592514038,2.219172477722168,1.0677082538604736
3,4,9.008688926696777,3.577075958251953,1.1358389854431152
3,5,4.2213521003723145,3.684455156326294,1.212674617767334
3,6,1.5095690488815308,3.3737571239471436,1.288928747177124
3,7,1.4591195583343506,3.134427547454834,1.360680341720581
3,8,4.501282215118408,3.2863001823425293,1.4553022384643555
3,9,1.6670395135879517,3.1243741512298584,1.5402979850769043
3,10,3.3153297901153564,3.1417336463928223,1.6322259902954102
3,11,0.9228147864341736,2.9568235874176025,1.750990629196167
3,12,0.6959899663925171,2.7829134464263916,1.831275224685669
3,13,3.0117321014404297,2.799257516860962,1.906585693359375
3,14,1.0785335302352905,2.684542655944824,1.981816053390503
3,15,3.796888828277588,2.7540645599365234,2.048388957977295
3,16,1.8110580444335938,2.6985936164855957,2.1249141693115234
3,17,1.2745498418807983,2.6194801330566406,2.2115044593811035
3,18,0.987982451915741,2.533612012863159,2.288482666015625
3,19,0.45955368876457214,2.4299089908599854,2.364389419555664
3,20,1.7312712669372559,2.3966403007507324,2.4491376876831055
3,21,3.938880205154419,2.4667422771453857,2.524104595184326
3,22,1.2600265741348267,2.414276361465454,2.6001079082489014
3,23,1.2935950756072998,2.3675811290740967,2.676231622695923
3,24,0.5696761012077332,2.2956647872924805,2.752840757369995
3,25,1.3241040706634521,2.2582972049713135,2.828160524368286
3,26,0.90043705701828,2.208005905151367,2.9039156436920166
3,27,0.9549705386161804,2.163254737854004,2.9809274673461914
3,28,2.62565279006958,2.179199457168579,3.0627260208129883
3,29,0.4065154194831848,2.120110034942627,3.1391446590423584
3,30,1.1476510763168335,2.088740348815918,3.1895387172698975
3,31,0.6114919185638428,2.042576313018799,3.263468027114868
3,32,0.9218056797981262,2.0086135864257812,3.336604595184326
3,33,1.0846179723739624,1.9814372062683105,3.4123971462249756
3,34,0.648457944393158,1.943352222442627,3.491122007369995
3,35,0.45004725456237793,1.9018715620040894,3.5760269165039062
3,36,0.6063588261604309,1.8668577671051025,3.6524391174316406
3,37,1.3203246593475342,1.8524754047393799,3.729307174682617
3,38,2.0764944553375244,1.8582193851470947,3.797546625137329
3,39,0.6062479019165039,1.8269199132919312,3.867227554321289
3,40,0.4543193280696869,1.7934420108795166,3.943046808242798
3,41,0.5413081049919128,1.7636291980743408,4.021918058395386
3,42,0.5610284805297852,1.7356617450714111,4.118421792984009
3,43,0.5926534533500671,1.7096842527389526,4.194939374923706
3,44,0.45066115260124207,1.6817059516906738,4.275509357452393
3,45,0.7256335020065308,1.6609216928482056,4.353742361068726
3,46,0.32889071106910706,1.6325805187225342,4.437835216522217
3,47,1.241875171661377,1.6244410276412964,4.517887115478516
3,48,0.5345394611358643,1.6021981239318848,4.60498309135437
3,49,0.4173404574394226,1.5785009860992432,4.688311576843262
3,50,4.2066144943237305,1.6300325393676758,4.770076513290405
3,51,0.79036545753479,1.6138851642608643,4.848941087722778
3,52,0.4470254182815552,1.5918689966201782,4.936427593231201
3,53,0.4130031168460846,1.570038080215454,5.0149993896484375
3,54,0.3995668888092041,1.5487568378448486,5.10503077507019
3,55,0.6238399744033813,1.5322405099868774,5.182679891586304
3,56,0.9641709327697754,1.522274374961853,5.246304273605347
3,57,0.6829519867897034,1.5078033208847046,5.302523374557495
3,58,0.5646655559539795,1.4918179512023926,5.388927698135376
3,59,0.46637845039367676,1.4747272729873657,5.465810298919678
3,60,1.9474974870681763,1.4824775457382202,5.542567253112793
3,61,0.9019060730934143,1.4731135368347168,5.62152099609375
3,62,0.427595317363739,1.4565180540084839,5.683899879455566
3,63,0.8074628710746765,1.4463765621185303,5.755124568939209
3,64,0.41666972637176514,1.4305349588394165,5.829320907592773
3,65,1.017513632774353,1.4242770671844482,5.9057886600494385
3,66,0.340585857629776,1.4081026315689087,5.976946830749512
3,67,0.4905787706375122,1.3946095705032349,6.053339242935181
3,68,0.2975463271141052,1.378710150718689,6.136451959609985
3,69,0.9247090816497803,1.3722243309020996,6.205982685089111
3,70,0.43998879194259644,1.359094262123108,6.293107748031616
3,71,1.331581473350525,1.3587119579315186,6.37110710144043
3,72,0.7167694568634033,1.349918246269226,6.457772254943848
3,73,0.8737961649894714,1.3434841632843018,6.536938190460205
3,74,0.320356160402298,1.329842448234558,6.627540588378906
3,75,0.5195629596710205,1.3191808462142944,6.713302135467529
3,76,0.7225911021232605,1.3114328384399414,6.798025369644165
3,77,3.1105289459228516,1.3344981670379639,6.877352714538574
3,78,0.37362292408943176,1.3223352432250977,6.961002826690674
3,79,1.9858883619308472,1.3306297063827515,7.043949127197266
3,80,0.30721062421798706,1.3179949522018433,7.126344203948975
3,81,0.41226184368133545,1.3069493770599365,7.171133279800415
3,82,1.166121006011963,1.3052526712417603,7.249036550521851
3,83,1.0067367553710938,1.301698923110962,7.347391843795776
3,84,0.8334731459617615,1.2961903810501099,7.428480863571167
3,85,1.0296047925949097,1.293090581893921,7.519741773605347
3,86,0.24274931848049164,1.2810176610946655,7.613365173339844
3,87,0.5604296922683716,1.2728291749954224,7.69560980796814
3,88,0.7093960642814636,1.2664985656738281,7.777994394302368
3,89,1.0314615964889526,1.2638870477676392,7.847901821136475
3,90,1.2841845750808716,1.2641100883483887,7.930270195007324
3,91,1.0933492183685303,1.262253999710083,8.028015613555908
3,92,0.2745543122291565,1.2516335248947144,8.10802149772644
3,93,0.9501557350158691,1.2484263181686401,8.197239398956299
3,94,1.0077546834945679,1.245892882347107,8.292238235473633
3,95,0.45930740237236023,1.2376993894577026,8.379042387008667
3,96,0.1220136433839798,1.2261974811553955,8.460915327072144
3,97,1.1106430292129517,1.2250183820724487,8.54737138748169
3,98,1.492803931236267,1.227723240852356,8.62926959991455
3,99,0.3216494023799896,1.2186625003814697,8.70864748954773
3,100,0.2603510916233063,1.2091742753982544,8.788320779800415
3,101,0.7456973195075989,1.2046303749084473,8.870023965835571
3,102,0.5929440855979919,1.1986916065216064,8.955256223678589
3,103,0.9163610339164734,1.195976972579956,9.037664651870728
3,104,0.8356752991676331,1.1925455331802368,9.117118835449219
3,105,0.5992152094841003,1.1869480609893799,9.211346626281738
3,106,1.3427841663360596,1.1884044408798218,9.289591073989868
3,107,0.29033294320106506,1.180088996887207,9.371939182281494
3,108,0.22051213681697845,1.1712855100631714,9.466897249221802
3,109,0.47529280185699463,1.1649583578109741,9.549559116363525
3,110,1.4230610132217407,1.1672836542129517,9.6336350440979
3,111,0.523827850818634,1.1615383625030518,9.714847087860107
3,112,0.700186014175415,1.157455563545227,9.795973539352417
3,113,1.087681770324707,1.1568435430526733,9.87615442276001
3,114,0.46690139174461365,1.1508439779281616,9.966517686843872
3,115,1.0303728580474854,1.1498055458068848,10.065847396850586
3,116,0.13737879693508148,1.141152262687683,10.144348859786987
3,117,0.4047257900238037,1.1349114179611206,10.228492498397827
3,118,1.085483193397522,1.1344959735870361,10.309732437133789
3,119,0.9420542120933533,1.132892370223999,10.398293256759644
3,120,0.7441293597221375,1.1296794414520264,10.474291801452637
3,121,0.8033552169799805,1.127004623413086,10.559551239013672
3,122,1.061751127243042,1.126474142074585,10.6568922996521
3,123,0.5754362344741821,1.1220303773880005,10.73043155670166
3,124,0.3221137523651123,1.1156309843063354,10.8059561252594
3,125,0.5174708366394043,1.1108837127685547,10.889119386672974
3,126,0.16091661155223846,1.1034036874771118,10.99084210395813
3,127,0.3056071996688843,1.0971708297729492,11.074641227722168
3,128,0.41484662890434265,1.091881513595581,11.154302597045898
3,129,0.3168756663799286,1.0859198570251465,11.228661298751831
3,130,0.7101054787635803,1.083051085472107,11.325139999389648
3,131,0.7747450470924377,1.080715537071228,11.409156322479248
3,132,0.977769136428833,1.0799415111541748,11.495730876922607
3,133,0.8602156043052673,1.0783017873764038,11.57681941986084
3,134,0.4756488800048828,1.0738376379013062,11.655226707458496
3,135,0.6782916188240051,1.0709291696548462,11.738976240158081
3,136,0.44191545248031616,1.0663378238677979,11.827308416366577
3,137,0.12302505224943161,1.0595022439956665,11.904441833496094
3,138,0.4731990694999695,1.0552842617034912,11.982597351074219
3,139,0.4206676781177521,1.0507512092590332,12.072362661361694
3,140,0.22580204904079437,1.0449005365371704,12.152708053588867
3,141,0.7876415848731995,1.0430889129638672,12.236926078796387
3,142,0.36848577857017517,1.0383713245391846,12.313894510269165
3,143,1.316388726234436,1.0403019189834595,12.38088321685791
3,144,0.32011497020721436,1.0353351831436157,12.474321842193604
3,145,0.3016142249107361,1.0303095579147339,12.565975189208984
3,146,0.2658139169216156,1.025109052658081,12.645580530166626
3,147,0.3413770794868469,1.02048921585083,12.723330020904541
3,148,0.2782753109931946,1.0155078172683716,12.816224813461304
3,149,0.6304453611373901,1.012940764427185,12.887782335281372
3,150,0.4989457130432129,1.009536862373352,12.964473009109497
3,151,0.7859955430030823,1.0080662965774536,13.043604135513306
3,152,0.20588065683841705,1.0028232336044312,13.119741201400757
3,153,0.28152868151664734,0.9981394410133362,13.215436458587646
3,154,0.7194209098815918,0.9963412284851074,13.297324657440186
3,155,1.2088067531585693,0.9977031350135803,13.379088640213013
3,156,0.6846016049385071,0.9957088828086853,13.45615839958191
3,157,0.6646726727485657,0.9936137199401855,13.545029878616333
3,158,0.3370341360569,0.9894843101501465,13.62406325340271
3,159,1.2958284616470337,0.9913989901542664,13.735440731048584
3,160,1.0109771490097046,0.9915205836296082,13.816626787185669
3,161,1.0060378313064575,0.9916102290153503,13.899791479110718
3,162,0.3988947868347168,0.9879739284515381,13.983463525772095
3,163,0.2591799795627594,0.9835299849510193,14.062957286834717
3,164,0.39762166142463684,0.9799790978431702,14.14042592048645
3,165,0.12802056968212128,0.9748467803001404,14.223941564559937
3,166,0.9918586611747742,0.9749487042427063,14.31574535369873
3,167,0.557272732257843,0.97246253490448,14.394049882888794
3,168,0.9215108156204224,0.9721609950065613,14.472211837768555
3,169,0.7338599562644958,0.9707593321800232,14.529539823532104
3,170,0.34388232231140137,0.967093288898468,14.6204092502594
3,171,0.43738502264022827,0.9640136361122131,14.699316501617432
3,172,0.5869994163513184,0.9618343114852905,14.77736210823059
3,173,0.891135573387146,0.9614280462265015,14.844433784484863
3,174,0.3972545564174652,0.9582041501998901,14.911659002304077
3,175,1.190585732460022,0.9595245122909546,14.988279819488525
3,176,1.3991851806640625,0.962008535861969,15.065183401107788
3,177,5.202308177947998,0.9858304262161255,15.14468765258789
3,178,0.3051382899284363,0.9820277094841003,15.236996173858643
3,179,1.7543556690216064,0.9863183498382568,15.315840482711792
3,180,0.16500739753246307,0.9817807674407959,15.392527103424072
3,181,0.4244518578052521,0.9787185192108154,15.464350938796997
3,182,1.2819145917892456,0.980375349521637,15.549020051956177
3,183,0.5931335091590881,0.9782707095146179,15.623011350631714
3,184,0.19496558606624603,0.9740366339683533,15.704099178314209
3,185,0.538493275642395,0.9716950058937073,15.780792474746704
3,186,0.4337100088596344,0.9688180685043335,15.859835386276245
3,187,0.32161444425582886,0.965375542640686,15.938950061798096
3,188,0.21558931469917297,0.9614084362983704,16.01587700843811
3,189,0.20409230887889862,0.9574224948883057,16.093979597091675
3,190,2.462428569793701,0.9653021693229675,16.167667627334595
3,191,0.710422158241272,0.96397465467453,16.238802909851074
3,192,0.21796275675296783,0.9601093530654907,16.3205623626709
3,193,0.278810977935791,0.9565974473953247,16.39883828163147
3,194,0.3978630006313324,0.9537321925163269,16.479551315307617
3,195,0.27984297275543213,0.950294017791748,16.557220458984375
3,196,0.4105939269065857,0.9475544095039368,16.636127471923828
3,197,1.0235956907272339,0.9479383826255798,16.694491624832153
3,198,0.2334780991077423,0.9443482160568237,16.77063274383545
3,199,0.1820271760225296,0.9405365586280823,16.84781527519226
3,200,0.796963632106781,0.9398223161697388,16.94052815437317
3,201,0.2339303195476532,0.9363278150558472,17.016438245773315
3,202,0.35788533091545105,0.9334782958030701,17.10568380355835
3,203,1.9277328252792358,0.938352108001709,17.185645818710327
3,204,0.6016491651535034,0.9367096424102783,17.291454553604126
3,205,0.3162566125392914,0.9336977601051331,17.368831634521484
3,206,0.5503929257392883,0.9318459630012512,17.445953607559204
3,207,0.7125455737113953,0.9307917356491089,17.521628379821777
3,208,0.15049555897712708,0.9270581603050232,17.602810621261597
3,209,1.054849624633789,0.9276667237281799,17.678972482681274
3,210,0.1496337503194809,0.9239794015884399,17.76392650604248
3,211,0.27454936504364014,0.9209160208702087,17.85744547843933
3,212,0.7934731245040894,0.9203177690505981,17.932329177856445
3,213,0.5707579255104065,0.918684184551239,18.01272177696228
3,214,0.3719503879547119,0.9161412715911865,18.091891527175903
3,215,1.1425174474716187,0.9171893000602722,18.168328762054443
3,216,0.5982663035392761,0.9157195687294006,18.248124361038208
3,217,0.6856067776679993,0.9146640300750732,18.331045866012573
3,218,0.5915417671203613,0.913188636302948,18.406158685684204
3,219,0.3301447033882141,0.9105384349822998,18.48682975769043
3,220,0.6547245383262634,0.9093808531761169,18.565004587173462
3,221,0.17873843014240265,0.906089723110199,18.65385413169861
3,222,0.9097041487693787,0.9061059355735779,18.743110418319702
3,223,0.747767448425293,0.9053990244865417,18.819976091384888
3,224,0.14613482356071472,0.902024507522583,18.8974769115448
3,225,0.1811884194612503,0.8988350629806519,18.973607301712036
3,226,0.34399399161338806,0.8963907957077026,19.052782773971558
3,227,3.8532824516296387,0.9093595743179321,19.122114181518555
3,228,0.7612947225570679,0.9087129831314087,19.19595456123352
3,229,0.49267247319221497,0.9069041609764099,19.270076036453247
3,230,0.7369599342346191,0.9061684608459473,19.35131025314331
3,231,0.30873945355415344,0.9035933017730713,19.433232069015503
3,232,0.3716951012611389,0.9013105034828186,19.515401124954224
3,233,0.32043200731277466,0.8988280892372131,19.58679962158203
3,234,0.5110428929328918,0.8971779942512512,19.66141366958618
3,235,0.5834413766860962,0.8958485722541809,19.739793062210083
3,236,0.3263179361820221,0.8934454917907715,19.81709313392639
3,237,0.47716382145881653,0.8916964530944824,19.885973930358887
3,238,0.8774973750114441,0.8916369676589966,19.974159240722656
3,239,0.6163879632949829,0.8904901146888733,20.02194905281067
3,240,0.39776140451431274,0.8884456157684326,20.093801736831665
3,241,0.47924885153770447,0.8867546916007996,20.175867080688477
3,242,0.9520388245582581,0.887023389339447,20.25391435623169
3,243,0.3911316394805908,0.8849909901618958,20.323128700256348
3,244,3.3117945194244385,0.8948963284492493,20.412830352783203
3,245,2.4303128719329834,0.9011378884315491,20.489625692367554
3,246,0.17971810698509216,0.8982171416282654,20.56603717803955
3,247,0.3996260464191437,0.8962066769599915,20.64626693725586
3,248,1.0135890245437622,0.8966781497001648,20.725922107696533
3,249,0.24787075817584991,0.8940829038619995,20.799617290496826
3,250,0.10678067058324814,0.8909462094306946,20.876643896102905
3,251,0.49177297949790955,0.8893622159957886,20.963281869888306
3,252,0.379362553358078,0.8873463869094849,21.039934873580933
3,253,0.2593177855014801,0.8848738670349121,21.121808528900146
3,254,0.21114976704120636,0.8822318315505981,21.19923758506775
3,255,0.7419692277908325,0.881683886051178,21.267150402069092
3,256,0.2076834887266159,0.8790613412857056,21.34364628791809
3,257,0.310212105512619,0.8768565058708191,21.42085337638855
3,258,0.7533928155899048,0.8763797879219055,21.49544405937195
3,259,0.18886211514472961,0.8737354874610901,21.579104900360107
3,260,1.0044441223144531,0.8742362856864929,21.65565848350525
3,261,0.3481306731700897,0.8722282648086548,21.725247144699097
3,262,0.27714499831199646,0.8699656128883362,21.820148468017578
3,263,0.21323634684085846,0.8674780130386353,21.896780729293823
3,264,0.9127911329269409,0.8676489591598511,21.972959995269775
3,265,0.3361080586910248,0.8656507134437561,22.048715591430664
3,266,0.1607106626033783,0.8630104660987854,22.130593061447144
3,267,0.35891008377075195,0.8611294627189636,22.207533597946167
3,268,0.2818254828453064,0.8589759469032288,22.28641104698181
3,269,0.37770408391952515,0.8571934700012207,22.362991333007812
3,270,0.21310938894748688,0.854816734790802,22.4434711933136
3,271,0.48236367106437683,0.853447437286377,22.523913145065308
3,272,0.17487116158008575,0.8509617447853088,22.59947633743286
3,273,0.4770229458808899,0.8495970964431763,22.658971071243286
3,274,0.6355173587799072,0.8488186001777649,22.742620706558228
3,275,0.17428132891654968,0.8463746309280396,22.873480796813965
3,276,0.4649216830730438,0.8449975252151489,22.983474731445312
3,277,0.3001950979232788,0.8430377840995789,23.065961122512817
3,278,0.8396144509315491,0.8430255055427551,23.145426988601685
3,279,0.32490622997283936,0.8411750793457031,23.230212688446045
3,280,0.33446747064590454,0.8393718600273132,23.319747924804688
3,281,1.2894773483276367,0.8409680128097534,23.36892032623291
3,282,0.05665477737784386,0.8381965756416321,23.449178457260132
3,283,1.3270548582077026,0.8399178981781006,23.548470973968506
3,284,0.34510111808776855,0.838181734085083,23.628853797912598
3,285,0.5818430781364441,0.8372853994369507,23.706403970718384
3,286,1.161332607269287,0.8384145498275757,23.78286051750183
3,287,0.34831005334854126,0.8367127180099487,23.861032485961914
3,288,0.2790846526622772,0.8347831964492798,23.93746519088745
3,289,0.3906306326389313,0.8332516551017761,24.057690620422363
3,290,0.6026343703269958,0.8324591517448425,24.105685234069824
3,291,0.7456355690956116,0.8321618437767029,24.179474353790283
3,292,0.4447104334831238,0.8308394551277161,24.264153003692627
3,293,0.7432052493095398,0.8305413722991943,24.34197759628296
3,294,0.14750632643699646,0.8282260298728943,24.466185808181763
3,295,3.8191230297088623,0.8383303880691528,24.53758931159973
3,296,0.5580621957778931,0.8373867273330688,24.631635665893555
3,297,0.5791509747505188,0.8365201950073242,24.71165657043457
3,298,2.359833002090454,0.8416149020195007,24.79005789756775
3,299,1.133744239807129,0.8425886631011963,24.867544174194336
3,300,0.3685552179813385,0.8410137891769409,24.95340585708618
3,301,1.389121413230896,0.8428286910057068,25.046265602111816
3,302,0.5342826843261719,0.841810405254364,25.12488842010498
3,303,0.663699746131897,0.8412244915962219,25.17520570755005
3,304,0.490843802690506,0.840075671672821,25.24733304977417
3,305,0.44826948642730713,0.8387953639030457,25.329926013946533
3,306,0.10612928122282028,0.836408793926239,25.414994478225708
3,307,0.7912025451660156,0.8362619876861572,25.495281457901
3,308,0.5634364485740662,0.8353791236877441,25.57239007949829
3,309,0.5449930429458618,0.8344423174858093,25.65144109725952
3,310,0.43254515528678894,0.8331500887870789,25.733458995819092
3,311,1.0189639329910278,0.8337455987930298,25.803468465805054
3,312,0.26776158809661865,0.8319373726844788,25.886273860931396
3,313,0.32214123010635376,0.8303138017654419,25.966037273406982
3,314,0.1991650015115738,0.8283102512359619,26.045331954956055
3,315,0.7409476637840271,0.8280337452888489,26.123450756072998
3,316,0.6820417642593384,0.8275731801986694,26.2170193195343
3,317,0.7808341383934021,0.8274261951446533,26.288300275802612
3,318,0.1184249296784401,0.8252036571502686,26.36442995071411
3,319,1.2285548448562622,0.826464056968689,26.439958572387695
3,320,1.4109516143798828,0.8282849192619324,26.519510507583618
3,321,0.3674468398094177,0.8268536925315857,26.601863622665405
3,322,0.2028256058692932,0.8249216675758362,26.669254541397095
3,323,0.17931202054023743,0.8229290843009949,26.744446516036987
3,324,0.36233586072921753,0.82151198387146,26.831034183502197
3,325,1.1299668550491333,0.8224580883979797,26.915809154510498
3,326,0.18775899708271027,0.8205170631408691,26.99559712409973
3,327,0.1234283521771431,0.8183918595314026,27.070053339004517
3,328,0.16682235896587372,0.8164114356040955,27.145694971084595
3,329,0.45768317580223083,0.8153243660926819,27.22864556312561
3,330,0.4637909233570099,0.8142622709274292,27.318728923797607
3,331,0.14712117612361908,0.8122528195381165,27.41146421432495
3,332,0.5385187268257141,0.8114308714866638,27.48925805091858
3,333,0.17802207171916962,0.8095344305038452,27.56640601158142
3,334,0.24068476259708405,0.8078363537788391,27.644355535507202
3,335,0.631478488445282,0.807311475276947,27.72219729423523
3,336,0.947059154510498,0.8077261447906494,27.799382209777832
3,337,0.3885730504989624,0.8064860701560974,27.869741439819336
3,338,0.1444658488035202,0.8045331835746765,27.94559359550476
3,339,0.35362112522125244,0.8032070398330688,28.023383855819702
3,340,0.8421158790588379,0.803321123123169,28.11448359489441
3,341,0.8983203172683716,0.8035988807678223,28.192765712738037
3,342,2.2174975872039795,0.8077210187911987,28.269636869430542
3,343,0.666538417339325,0.8073105812072754,28.350494623184204
3,344,2.1396872997283936,0.8111725449562073,28.42320728302002
3,345,0.6436743140220642,0.8106884360313416,28.49501872062683
3,346,0.19254934787750244,0.8089070320129395,28.587266445159912
3,347,0.3948494493961334,0.8077172636985779,28.664427042007446
3,348,0.272599995136261,0.8061839938163757,28.741583347320557
3,349,1.667612910270691,0.8086451888084412,28.816061973571777
3,350,0.44400277733802795,0.8076063394546509,28.88455581665039
3,351,0.5527063012123108,0.8068821430206299,28.95701241493225
3,352,0.2044391930103302,0.8051755428314209,29.036999464035034
3,353,0.5309898257255554,0.8044009208679199,29.11548948287964
3,354,0.2759665250778198,0.8029124140739441,29.199400663375854
3,355,0.19011259078979492,0.8011910915374756,29.28238081932068
3,356,0.4922911524772644,0.8003258109092712,29.36024808883667
3,357,0.10645166039466858,0.7983875870704651,29.429343461990356
3,358,0.5542330741882324,0.7977075576782227,29.49637484550476
3,359,1.0936154127120972,0.7985295057296753,29.57244873046875
3,360,0.21310678124427795,0.7969077825546265,29.654425859451294
3,361,0.26060450077056885,0.7954263687133789,29.735255479812622
3,362,1.437347412109375,0.7971947193145752,29.813603162765503
3,363,0.3947069048881531,0.7960889339447021,29.88201141357422
3,364,0.30228254199028015,0.7947360873222351,29.957245588302612
3,365,0.9357185363769531,0.7951213121414185,30.032688856124878
3,366,0.3956761956214905,0.794032871723175,30.109015226364136
3,367,0.17289382219314575,0.7923449873924255,30.194129467010498
3,368,0.21327432990074158,0.790775716304779,30.28300428390503
3,369,0.32107168436050415,0.7895062565803528,30.355732917785645
3,370,0.3954053223133087,0.7884439826011658,30.442159414291382
3,371,0.5172619819641113,0.787714958190918,30.524351596832275
3,372,0.12328080832958221,0.7859336733818054,30.642589330673218
3,373,0.2743948698043823,0.7845659852027893,30.735424995422363
3,374,0.972282350063324,0.7850664854049683,30.7919499874115
3,375,0.46787208318710327,0.7842228412628174,30.901756763458252
3,376,0.1508498638868332,0.7825428247451782,30.986957788467407
3,377,0.36767441034317017,0.781445324420929,31.079301357269287
3,378,0.2407597452402115,0.78001868724823,31.161193370819092
3,379,1.780486822128296,0.7826515436172485,31.24684429168701
3,380,0.4324972331523895,0.7817324995994568,31.327598094940186
3,381,0.22528444230556488,0.780275821685791,31.413899183273315
3,382,0.39716216921806335,0.7792755365371704,31.49144983291626
3,383,0.16943176090717316,0.7776873707771301,31.578115940093994
3,384,0.27620357275009155,0.7763847708702087,31.67924451828003
3,385,1.1517282724380493,0.7773571610450745,31.76385498046875
3,386,0.16567665338516235,0.7757766246795654,31.84738278388977
3,387,0.28290507197380066,0.7745063900947571,31.92365527153015
3,388,0.16248393058776855,0.7729330658912659,32.00421714782715
3,389,0.8585662841796875,0.7731525897979736,32.08921480178833
3,390,2.2647225856781006,0.7769674062728882,32.170575857162476
3,391,1.3550843000411987,0.7784421443939209,32.24902153015137
3,392,1.5120954513549805,0.7803090214729309,32.32908368110657
3,393,0.7226581573486328,0.7801626920700073,32.41725945472717
3,394,0.6006260514259338,0.7797081470489502,32.49644875526428
3,395,0.23197773098945618,0.7783249616622925,32.57658338546753
3,396,0.35994043946266174,0.7772710919380188,32.65784001350403
3,397,1.6487479209899902,0.7794607281684875,32.73958992958069
3,398,0.453885555267334,0.7786447405815125,32.817163705825806
3,399,0.5650068521499634,0.778110682964325,32.894609689712524
3,400,0.2213560938835144,0.7767223119735718,32.968756437301636
3,401,0.2251860499382019,0.7753502130508423,33.052063941955566
3,402,0.45142418146133423,0.7745465040206909,33.17160105705261
3,403,0.22254538536071777,0.7731801271438599,33.25446796417236
3,404,0.27766337990760803,0.7719566822052002,33.33199453353882
3,405,0.8266648054122925,0.7720914483070374,33.420355558395386
3,406,1.3909871578216553,0.7736120820045471,33.50246572494507
3,407,0.1930955946445465,0.7721892595291138,33.57527685165405
3,408,0.6131621599197388,0.7718004584312439,33.65738391876221
3,409,0.7399609684944153,0.7717227339744568,33.76960730552673
3,410,0.2740442156791687,0.7705118060112,33.85590696334839
3,411,0.1985272318124771,0.7691235542297363,33.93662905693054
3,412,0.5277495384216309,0.7685390710830688,34.015888929367065
3,413,0.3124014437198639,0.7674373388290405,34.090768814086914
3,414,0.12349167466163635,0.765885591506958,34.17187738418579
3,415,0.3640260100364685,0.7649195790290833,34.255897521972656
3,416,0.13898438215255737,0.7634186148643494,34.3525230884552
3,417,0.17310959100723267,0.762006402015686,34.434922218322754
3,418,0.33676671981811523,0.7609914541244507,34.50955677032471
3,419,2.6405889987945557,0.7654667496681213,34.595412492752075
3,420,0.32676661014556885,0.7644246816635132,34.67536187171936
3,421,0.3313811123371124,0.7633985280990601,34.7544949054718
3,422,0.508459746837616,0.7627958059310913,34.83913564682007
3,423,0.8495678305625916,0.7630004286766052,34.920663595199585
3,424,0.21110749244689941,0.7617018818855286,35.00248074531555
3,425,0.29197773337364197,0.7605991959571838,35.068138122558594
3,426,0.11916401237249374,0.7590970396995544,35.1583948135376
3,427,0.7469090223312378,0.7590685486793518,35.23396015167236
3,428,0.20479807257652283,0.7577765583992004,35.318217754364014
3,429,1.0829185247421265,0.758532702922821,35.40072417259216
3,430,0.27155908942222595,0.7574028372764587,35.480701208114624
3,431,1.1651297807693481,0.7583466172218323,35.56045341491699
3,432,1.0148842334747314,0.7589390277862549,35.64652347564697
3,433,0.7855892181396484,0.7590004801750183,35.73114824295044
3,434,0.4815353453159332,0.7583626508712769,35.811768531799316
3,435,0.13260382413864136,0.7569274306297302,35.89211678504944
3,436,0.31006452441215515,0.7559048533439636,35.988049268722534
3,437,0.6649748682975769,0.7556972503662109,36.08083987236023
3,438,0.604264497756958,0.7553523182868958,36.178072452545166
3,439,0.9220278263092041,0.7557310461997986,36.27601194381714
3,440,0.19478067755699158,0.7544590830802917,36.3581223487854
3,441,0.3667799234390259,0.7535820007324219,36.446024894714355
3,442,0.667676568031311,0.7533880472183228,36.52767992019653
3,443,0.15326185524463654,0.752036452293396,36.6085889339447
3,444,0.7972231507301331,0.7521380186080933,36.681599617004395
3,445,0.31173861026763916,0.7511504888534546,36.76026201248169
3,446,0.6450560092926025,0.7509132027626038,36.84115791320801
3,447,1.6116752624511719,0.7528346180915833,36.924997329711914
3,448,0.7234638929367065,0.7527691721916199,37.00569748878479
3,449,0.3471464514732361,0.7518677711486816,37.08574843406677
3,450,1.0330020189285278,0.7524911165237427,37.17753720283508
3,451,0.24192562699317932,0.7513615489006042,37.27113485336304
3,452,0.39039599895477295,0.7505647540092468,37.36195635795593
3,453,0.15944606065750122,0.7492627501487732,37.441654205322266
3,454,0.15063315629959106,0.747947096824646,37.525485038757324
3,455,0.2360069304704666,0.746824324131012,37.613593339920044
3,456,0.38214802742004395,0.7460263967514038,37.69751214981079
3,457,0.8520632982254028,0.7462578415870667,37.78964066505432
3,458,1.1796599626541138,0.7472020983695984,37.86373972892761
3,459,1.7858017683029175,0.749459981918335,37.955602169036865
3,460,0.5032591819763184,0.7489258646965027,38.033243894577026
3,461,0.18021441996097565,0.7476949095726013,38.11290502548218
3,462,0.6786388754844666,0.7475457191467285,38.2063992023468
3,463,4.389705181121826,0.7553952932357788,38.31541037559509
3,464,0.4367644190788269,0.7547100782394409,38.397167921066284
3,465,0.12723557651042938,0.7533634901046753,38.475943088531494
3,466,0.4035203754901886,0.7526143789291382,38.578563928604126
3,467,0.15127620100975037,0.7513294816017151,38.66173481941223
3,468,0.9816948175430298,0.7518206238746643,38.74304175376892
3,469,0.30461424589157104,0.7508691549301147,38.82459497451782
3,470,0.6847193241119385,0.7507286667823792,38.9031777381897
3,471,0.5283965468406677,0.750257670879364,39.016433000564575
3,472,0.3129626214504242,0.7493331432342529,39.097270250320435
3,473,0.25416165590286255,0.7482884526252747,39.16846942901611
3,474,0.19530154764652252,0.7471242547035217,39.25444531440735
3,475,0.22747883200645447,0.7460325956344604,39.346611976623535
3,476,0.9101523160934448,0.746376633644104,39.44381833076477
3,477,0.39182791113853455,0.7456349730491638,39.52744817733765
3,478,1.1256544589996338,0.7464283108711243,39.60789203643799
3,479,0.8542442321777344,0.7466528415679932,39.691137075424194
3,480,0.18507981300354004,0.7454853653907776,39.776750564575195
3,481,0.22261564433574677,0.7444006204605103,39.86258578300476
3,482,0.7421189546585083,0.744395911693573,39.9495050907135
3,483,0.16147783398628235,0.7431914806365967,40.03189992904663
3,484,0.6163280010223389,0.7429299354553223,40.11115479469299
3,485,0.13476645946502686,0.7416785359382629,40.191933393478394
3,486,0.7907177209854126,0.7417792677879333,40.27408576011658
3,487,0.2685166895389557,0.740809440612793,40.392667293548584
3,488,0.7143620252609253,0.7407553791999817,40.49602913856506
3,489,0.17509686946868896,0.7396009564399719,40.57742786407471
3,490,0.5160067081451416,0.7391455769538879,40.65391826629639
3,491,0.4222213327884674,0.7385014295578003,40.7525908946991
3,492,0.36287176609039307,0.7377395033836365,40.832515001297
3,493,0.3462717831134796,0.7369470596313477,40.9189076423645
3,494,0.4678194522857666,0.7364033460617065,41.00073456764221
3,495,0.30231907963752747,0.7355281710624695,41.08718514442444
3,496,1.3830276727676392,0.73683100938797,41.17591071128845
3,497,0.15545402467250824,0.7356635928153992,41.25822401046753
3,498,1.8427979946136475,0.7378822565078735,41.33884954452515
3,499,0.17963562905788422,0.7367657423019409,41.45512914657593
3,500,0.9498404264450073,0.7371910810470581,41.53323817253113
3,501,0.18241870403289795,0.7360859513282776,41.60787558555603
3,502,0.18104559183120728,0.7349824905395508,41.68802499771118
3,503,0.46966326236724854,0.7344561219215393,41.778239488601685
3,504,0.3459979295730591,0.7336868047714233,41.85991168022156
3,505,0.7341554760932922,0.7336878180503845,41.94644594192505
3,506,0.28140541911125183,0.7327956557273865,42.03019332885742
3,507,1.9196001291275024,0.7351319193840027,42.11547923088074
3,508,0.25530102849006653,0.7341892719268799,42.205336570739746
3,509,0.23150566220283508,0.7332035899162292,42.29342317581177
3,510,0.48928749561309814,0.7327262759208679,42.369868993759155
3,511,0.44017842411994934,0.7321548461914062,42.45253825187683
3,512,0.2269279509782791,0.7311699986457825,42.53995895385742
3,513,0.31720542907714844,0.7303646802902222,42.622580766677856
3,514,1.0206575393676758,0.730928361415863,42.704021692276
3,515,0.27928125858306885,0.7300530672073364,42.782674074172974
3,516,0.6040039658546448,0.7298092842102051,42.84276723861694
3,517,0.49102696776390076,0.7293483018875122,42.92947769165039
3,518,0.2447652816772461,0.7284145951271057,43.010080099105835
3,519,0.5707499384880066,0.7281113862991333,43.083534955978394
3,520,0.46088317036628723,0.7275984287261963,43.16427803039551
3,521,0.5218328833580017,0.7272043228149414,43.23665118217468
3,522,0.2318049669265747,0.7262570858001709,43.315714597702026
3,523,0.6288204193115234,0.7260710597038269,43.39491868019104
3,524,0.40147724747657776,0.7254528403282166,43.46222519874573
3,525,1.2278910875320435,0.726408064365387,43.538755893707275
3,526,0.44647684693336487,0.7258768677711487,43.61530947685242
3,527,0.3114590346813202,0.7250919938087463,43.69275236129761
3,528,1.0197796821594238,0.7256490588188171,43.79134917259216
3,529,0.22242622077465057,0.7246995568275452,43.87035393714905
3,530,2.0313069820404053,0.7271602153778076,43.9500048160553
3,531,0.3087296783924103,0.7263737320899963,44.02585768699646
3,532,1.005850911140442,0.7268980741500854,44.10413837432861
3,533,0.14182370901107788,0.7258024215698242,44.177430629730225
3,534,1.462955355644226,0.7271802425384521,44.2476921081543
3,535,0.19169697165489197,0.7261812686920166,44.32343626022339
3,536,0.38175803422927856,0.7255398631095886,44.4117317199707
3,537,0.20912156999111176,0.7245799899101257,44.494566202163696
3,538,0.7958405017852783,0.7247121930122375,44.56964087486267
3,539,2.7700753211975098,0.7284998893737793,44.63665294647217
3,540,2.374326229095459,0.7315421104431152,44.72781682014465
3,541,1.547010064125061,0.7330466508865356,44.79728388786316
3,542,0.16100171208381653,0.7319931387901306,44.874810457229614
3,543,0.3652063012123108,0.7313188910484314,44.95281720161438
3,544,0.5093130469322205,0.7309114933013916,45.04273271560669
3,545,0.32287439703941345,0.7301641702651978,45.12548303604126
3,546,2.086202383041382,0.7326432466506958,45.203826904296875
3,547,0.41783830523490906,0.7320687770843506,45.31031060218811
3,548,0.49797844886779785,0.7316423654556274,45.38725399971008
3,549,0.27487999200820923,0.7308118939399719,45.46279978752136
3,550,0.2656814754009247,0.7299677133560181,45.53974413871765
3,551,0.238911971449852,0.7290781736373901,45.616711378097534
3,552,0.8486710786819458,0.7292944192886353,45.69242024421692
3,553,0.3524008095264435,0.728614091873169,45.780452251434326
3,554,0.3445419669151306,0.7279220819473267,45.862995624542236
3,555,0.41874343156814575,0.727366030216217,45.94117188453674
3,556,0.13006292283535004,0.7262936234474182,46.01563310623169
3,557,0.4555940628051758,0.7258085012435913,46.10710048675537
3,558,0.31841617822647095,0.7250797748565674,46.18701386451721
3,559,0.16796119511127472,0.7240849137306213,46.264835834503174
3,560,1.5496948957443237,0.7255565524101257,46.34172534942627
3,561,0.13511282205581665,0.7245059013366699,46.416664838790894
3,562,0.1845899075269699,0.7235469222068787,46.496070861816406
3,563,0.49916279315948486,0.7231490612030029,46.5853157043457
3,564,0.37867656350135803,0.7225394248962402,46.66188907623291
3,565,0.44684210419654846,0.7220523357391357,46.74919390678406
3,566,0.8799211978912354,0.7223307490348816,46.841089725494385
3,567,2.314837694168091,0.7251344323158264,46.90836310386658
3,568,0.2790812849998474,0.7243505120277405,46.997907876968384
3,569,0.39494001865386963,0.7237725853919983,47.097556352615356
3,570,0.23252619802951813,0.7229122519493103,47.18358755111694
3,571,0.8613212704658508,0.7231542468070984,47.26282238960266
3,572,0.4888331890106201,0.7227452993392944,47.34014630317688
3,573,0.2853041887283325,0.7219831943511963,47.41717767715454
3,574,0.6343216300010681,0.7218307256698608,47.49828314781189
3,575,0.2627016007900238,0.7210336923599243,47.577152490615845
3,576,0.2731916606426239,0.7202575206756592,47.65478801727295
3,577,0.3202533423900604,0.7195654511451721,47.74784255027771
3,578,0.22761890292167664,0.7187158465385437,47.83884119987488
3,579,0.14279410243034363,0.7177228927612305,47.92325043678284
3,580,0.12742015719413757,0.7167068719863892,48.00220704078674
3,581,1.7095586061477661,0.7184127569198608,48.05543565750122
3,582,0.7028464078903198,0.7183861136436462,48.14297556877136
3,583,0.4428252875804901,0.7179142236709595,48.22116255760193
3,584,0.6435458660125732,0.7177870869636536,48.29924416542053
3,585,0.5183212757110596,0.7174466848373413,48.38548183441162
3,586,0.25816771388053894,0.7166643142700195,48.4694402217865
3,587,0.47375455498695374,0.7162511944770813,48.54852652549744
3,588,1.9939419031143188,0.7184204459190369,48.62502646446228
3,589,0.5704965591430664,0.7181697487831116,48.703351974487305
3,590,1.910544514656067,0.720187246799469,48.776548862457275
3,591,0.20808283984661102,0.7193222045898438,48.84871554374695
3,592,0.20997367799282074,0.7184632420539856,48.937692165374756
3,593,0.5980604290962219,0.7182605862617493,49.01291799545288
3,594,0.8282658457756042,0.7184454202651978,49.10149693489075
3,595,1.9212532043457031,0.7204635739326477,49.18170213699341
3,596,0.26389339566230774,0.7196988463401794,49.25913739204407
3,597,0.4762102961540222,0.7192916870117188,49.33581209182739
3,598,0.12782776355743408,0.7183042168617249,49.41046643257141
3,599,0.4801700711250305,0.7179073691368103,49.4872100353241
3,600,0.33211755752563477,0.7172654271125793,49.563223361968994
3,601,0.48081454634666443,0.7168726921081543,49.628875732421875
3,602,0.251895546913147,0.7161015868186951,49.71047902107239
3,603,0.23227320611476898,0.7153005003929138,49.78773474693298
3,604,0.6398286819458008,0.7151757478713989,49.86390519142151
3,605,0.38766366243362427,0.7146353721618652,49.937657833099365
3,606,0.625510573387146,0.7144885063171387,50.02013874053955
3,607,0.4693092405796051,0.7140852212905884,50.0989990234375
3,608,0.3302510976791382,0.7134549617767334,50.17705583572388
3,609,0.2014518529176712,0.7126156687736511,50.255016565322876
3,610,4.47306489944458,0.7187702059745789,50.33424186706543
3,611,1.0175538063049316,0.7192584276199341,50.42234396934509
3,612,0.24792596697807312,0.7184895277023315,50.50586199760437
3,613,0.8994079828262329,0.7187842130661011,50.583632946014404
3,614,0.6062338352203369,0.7186011672019958,50.66052436828613
3,615,0.5105392336845398,0.7182633876800537,50.7384238243103
3,616,0.967631459236145,0.7186676263809204,50.82084059715271
3,617,0.23234765231609344,0.7178806662559509,50.88895583152771
3,618,0.8729841709136963,0.7181312441825867,50.964699268341064
3,619,0.7970446944236755,0.7182585000991821,51.04122447967529
3,620,0.30335307121276855,0.7175904512405396,51.12718749046326
3,621,0.3134058117866516,0.7169405817985535,51.221874952316284
3,622,0.7387341260910034,0.7169755697250366,51.29769778251648
3,623,0.19462215900421143,0.7161384224891663,51.37818241119385
3,624,0.775738537311554,0.7162337899208069,51.4562132358551
3,625,0.2874853014945984,0.7155488729476929,51.5342972278595
3,626,0.8483625054359436,0.7157607078552246,51.67921805381775
3,627,0.2076532542705536,0.7149516344070435,51.7602059841156
3,628,0.4524208605289459,0.7145342826843262,51.83580040931702
3,629,0.476401150226593,0.7141562700271606,51.91307616233826
3,630,1.2485616207122803,0.7150031328201294,51.959545612335205
3,631,2.3192555904388428,0.7175415754318237,52.03731989860535
3,632,0.5019672513008118,0.7172009944915771,52.11752510070801
3,633,0.29618850350379944,0.7165369391441345,52.19475197792053
3,634,0.25330638885498047,0.7158074378967285,52.27336835861206
3,635,0.7261306643486023,0.7158236503601074,52.35226583480835
3,636,0.6102561354637146,0.7156579494476318,52.432318687438965
3,637,0.2705821990966797,0.7149603962898254,52.512431621551514
3,638,1.1643669605255127,0.7156636714935303,52.589341163635254
3,639,0.35789647698402405,0.7151046395301819,52.66636657714844
3,640,0.22946685552597046,0.7143470048904419,52.74937176704407
3,641,1.1471976041793823,0.7150212526321411,52.83867788314819
3,642,0.4981377422809601,0.7146838903427124,52.921661138534546
3,643,0.4571605920791626,0.7142840027809143,52.998342990875244
3,644,0.2992839217185974,0.7136406302452087,53.091742277145386
3,645,0.6207650303840637,0.7134968638420105,53.171642541885376
3,646,0.5271069407463074,0.713208794593811,53.23870325088501
3,647,0.8097860217094421,0.7133578062057495,53.320627212524414
3,648,0.30721914768218994,0.7127320170402527,53.411630153656006
3,649,0.1145716980099678,0.7118117809295654,53.49420166015625
3,650,0.5651543736457825,0.7115864753723145,53.574928522109985
3,651,0.35198670625686646,0.7110349535942078,53.65190148353577
3,652,0.19229115545749664,0.7102406024932861,53.73004984855652
3,653,1.0724643468856812,0.7107944488525391,53.79755139350891
3,654,0.37163805961608887,0.7102766633033752,53.87448596954346
3,655,0.5175037384033203,0.7099827527999878,53.95062518119812
3,656,0.7106537818908691,0.709983766078949,54.06047034263611
3,657,0.5003129243850708,0.7096651196479797,54.138413429260254
3,658,0.6976637244224548,0.7096469402313232,54.216320276260376
3,659,0.8898798227310181,0.7099199891090393,54.303009271621704
3,660,0.6360557079315186,0.7098082304000854,54.38858222961426
3,661,1.1617140769958496,0.710490882396698,54.46590876579285
3,662,0.24430030584335327,0.7097877264022827,54.541046380996704
3,663,0.8854600787162781,0.7100523114204407,54.61879253387451
3,664,0.330905020236969,0.7094821333885193,54.695170640945435
3,665,0.8303085565567017,0.7096635699272156,54.7984733581543
3,666,0.3208450376987457,0.7090806365013123,54.876670598983765
3,667,0.1994636505842209,0.708317756652832,54.952839612960815
3,668,0.7662850022315979,0.7084044218063354,55.02767777442932
3,669,0.5693521499633789,0.7081968188285828,55.10379147529602
3,670,1.4342023134231567,0.7092788219451904,55.180872678756714
3,671,0.37317776679992676,0.7087786793708801,55.25573134422302
3,672,0.6186988949775696,0.7086448073387146,55.33484363555908
3,673,0.3676837384700775,0.7081389427185059,55.4118115901947
3,674,0.5380462408065796,0.7078869342803955,55.48968696594238
3,675,1.0686789751052856,0.7084206938743591,55.567360162734985
3,676,0.617578387260437,0.708286464214325,55.642937898635864
3,677,0.7166589498519897,0.7082988619804382,55.71782469749451
3,678,0.38597795367240906,0.707824170589447,55.79400062561035
3,679,0.5822731852531433,0.7076395153999329,55.88162922859192
3,680,0.826772153377533,0.7078144550323486,55.97167253494263
3,681,0.21071195602416992,0.7070855498313904,56.04772210121155
3,682,1.1534713506698608,0.7077391147613525,56.12613916397095
3,683,0.301486611366272,0.7071452140808105,56.20271134376526
3,684,0.581114649772644,0.7069612145423889,56.279391288757324
3,685,0.47710248827934265,0.7066261768341064,56.35510230064392
3,686,0.23798729479312897,0.7059440016746521,56.43205642700195
3,687,1.0761041641235352,0.7064819931983948,56.51812195777893
3,688,0.3488209843635559,0.7059628963470459,56.594114780426025
3,689,0.5495697259902954,0.7057362198829651,56.664588928222656
3,690,2.123379707336426,0.707787811756134,56.74264574050903
3,691,0.11962416768074036,0.706937849521637,56.819122076034546
3,692,0.3303464353084564,0.7063944339752197,56.89183759689331
3,693,0.795746386051178,0.7065231800079346,56.967432260513306
3,694,0.2927798628807068,0.705927848815918,57.04283356666565
3,695,0.2677145302295685,0.7052983045578003,57.1185781955719
3,696,0.8802902102470398,0.7055493593215942,57.19340801239014
3,697,0.7868638634681702,0.7056658267974854,57.268818378448486
3,698,0.325723797082901,0.7051222920417786,57.34649324417114
3,699,0.31714388728141785,0.7045680284500122,57.423274517059326
3,700,0.4603961110115051,0.7042196989059448,57.499544620513916
3,701,0.25713860988616943,0.7035828232765198,57.57537531852722
3,702,0.33239099383354187,0.7030548453330994,57.65077495574951
3,703,1.0110554695129395,0.7034923434257507,57.726736307144165
3,704,0.43302419781684875,0.7031087279319763,57.8015410900116
3,705,0.8281946182250977,0.7032858729362488,57.87781572341919
3,706,0.9396077394485474,0.7036201357841492,57.955910444259644
3,707,1.5038304328918457,0.7047503590583801,58.033358097076416
3,708,1.6571646928787231,0.7060936689376831,58.12003684043884
3,709,0.3724760413169861,0.7056238055229187,58.19612002372742
3,710,0.4168207347393036,0.7052175998687744,58.28725600242615
3,711,0.2927767038345337,0.7046383619308472,58.37513256072998
3,712,1.2277603149414062,0.7053720355033875,58.46579432487488
3,713,0.7362977266311646,0.7054153680801392,58.573734998703
3,714,0.31224504113197327,0.7048654556274414,58.66295003890991
3,715,2.3833789825439453,0.7072097659111023,58.74316143989563
3,716,1.077061653137207,0.7077255845069885,58.82074308395386
3,717,0.5961262583732605,0.7075701355934143,58.91388988494873
3,718,0.37273383140563965,0.7071044445037842,58.994253158569336
3,719,0.5393492579460144,0.7068714499473572,59.07033705711365
3,720,0.4083815813064575,0.7064574956893921,59.148792028427124
3,721,0.34278324246406555,0.7059537768363953,59.22726559638977
3,722,0.15126574039459229,0.7051865458488464,59.306007862091064
