  11   |   0    |   6.24   |   6.24   |  29.52   |  29.52   |  39.94   |  39.94   |  27.50   |   2.03   |   2.03   |   63.12    
  11   |   1    |   7.59   |   6.91   |  28.73   |  29.13   |  35.47   |  37.70   |  26.67   |   2.07   |   2.05   |   73.74    
  11   |   2    |   6.57   |   6.80   |  29.11   |  29.12   |  39.57   |  38.32   |  27.44   |   1.67   |   1.92   |   84.31    
  11   |   3    |   7.50   |   6.98   |  28.40   |  28.94   |  37.45   |  38.11   |  26.56   |   1.84   |   1.90   |   94.92    
  11   |   4    |   7.31   |   7.04   |  28.50   |  28.85   |  37.50   |  37.98   |  26.67   |   1.84   |   1.89   |   105.55   
  11   |   5    |   6.23   |   6.91   |  29.66   |  28.99   |  39.62   |  38.26   |  27.66   |   2.00   |   1.91   |   116.18   
  11   |   6    |   6.86   |   6.90   |  28.68   |  28.95   |  39.01   |  38.36   |  26.87   |   1.81   |   1.89   |   126.77   
  11   |   7    |   6.51   |   6.85   |  29.30   |  28.99   |  38.82   |  38.42   |  27.45   |   1.85   |   1.89   |   137.43   
  11   |   8    |   6.92   |   6.86   |  28.78   |  28.97   |  39.35   |  38.53   |  27.03   |   1.75   |   1.87   |   148.06   
  11   |   9    |   6.93   |   6.87   |  28.83   |  28.95   |  39.31   |  38.60   |  26.96   |   1.86   |   1.87   |   158.73   
  11   |   10   |   7.05   |   6.88   |  28.35   |  28.90   |  39.46   |  38.68   |  26.77   |   1.58   |   1.84   |   169.37   
  11   |   11   |   6.97   |   6.89   |  28.53   |  28.87   |  39.45   |  38.75   |  26.75   |   1.78   |   1.84   |   179.98   
  11   |   12   |   7.25   |   6.92   |  28.24   |  28.82   |  39.22   |  38.78   |  26.50   |   1.73   |   1.83   |   190.62   
  11   |   13   |   6.97   |   6.92   |  28.69   |  28.81   |  38.91   |  38.79   |  26.40   |   2.29   |   1.86   |   201.25   
  11   |   14   |   6.54   |   6.90   |  28.86   |  28.81   |  40.24   |  38.89   |  26.97   |   1.89   |   1.87   |   211.89   
  11   |   15   |   6.50   |   6.87   |  29.04   |  28.83   |  39.79   |  38.94   |  27.18   |   1.86   |   1.87   |   222.48   
  11   |   16   |   7.03   |   6.88   |  28.32   |  28.80   |  39.93   |  39.00   |  26.61   |   1.72   |   1.86   |   233.21   
  11   |   17   |   7.06   |   6.89   |  28.44   |  28.78   |  39.54   |  39.03   |  26.39   |   2.05   |   1.87   |   243.83   
  11   |   18   |   7.23   |   6.91   |  28.13   |  28.74   |  39.41   |  39.05   |  26.26   |   1.87   |   1.87   |   254.48   
  11   |   19   |   6.12   |   6.87   |  29.73   |  28.79   |  40.24   |  39.11   |  27.80   |   1.93   |   1.87   |   265.07   
  11   |   20   |   6.56   |   6.85   |  29.15   |  28.81   |  39.69   |  39.14   |  27.22   |   1.93   |   1.87   |   275.71   
  11   |   21   |   6.88   |   6.86   |  28.57   |  28.80   |  39.78   |  39.17   |  26.74   |   1.83   |   1.87   |   286.29   
  11   |   22   |   6.24   |   6.83   |  29.41   |  28.83   |  40.16   |  39.21   |  27.70   |   1.71   |   1.86   |   296.94   
  11   |   23   |   6.65   |   6.82   |  29.04   |  28.83   |  39.93   |  39.24   |  27.10   |   1.94   |   1.87   |   307.56   
  11   |   24   |   6.71   |   6.82   |  28.65   |  28.83   |  39.56   |  39.25   |  26.54   |   2.10   |   1.88   |   318.20   
  11   |   25   |   7.48   |   6.84   |  27.87   |  28.79   |  38.99   |  39.24   |  25.95   |   1.91   |   1.88   |   328.80   
  11   |   26   |   6.94   |   6.85   |  28.55   |  28.78   |  39.44   |  39.25   |  26.46   |   2.09   |   1.89   |   339.44   
  11   |   27   |   6.75   |   6.84   |  28.48   |  28.77   |  39.36   |  39.25   |  26.52   |   1.96   |   1.89   |   350.10   
  11   |   28   |   6.78   |   6.84   |  28.54   |  28.76   |  40.13   |  39.29   |  26.66   |   1.88   |   1.89   |   360.79   
  11   |   29   |   6.29   |   6.82   |  29.35   |  28.78   |  40.11   |  39.31   |  27.24   |   2.11   |   1.90   |   371.38   
  11   |   30   |   6.52   |   6.81   |  28.83   |  28.78   |  40.09   |  39.34   |  26.92   |   1.92   |   1.90   |   382.02   
  11   |   31   |   6.55   |   6.80   |  28.92   |  28.79   |  40.51   |  39.37   |  26.93   |   1.98   |   1.90   |   392.64   
  11   |   32   |   7.07   |   6.81   |  28.33   |  28.77   |  39.67   |  39.38   |  26.46   |   1.87   |   1.90   |   403.29   
  11   |   33   |   6.71   |   6.81   |  28.77   |  28.77   |  39.95   |  39.40   |  26.83   |   1.93   |   1.90   |   413.90   
  11   |   34   |   6.35   |   6.80   |  29.22   |  28.79   |  40.35   |  39.43   |  27.30   |   1.92   |   1.90   |   424.58   
  11   |   35   |   6.59   |   6.79   |  28.83   |  28.79   |  40.51   |  39.46   |  26.93   |   1.90   |   1.90   |   435.16   
  11   |   36   |   6.38   |   6.78   |  29.29   |  28.80   |  40.43   |  39.48   |  27.06   |   2.23   |   1.91   |   445.80   
  11   |   37   |   6.68   |   6.78   |  28.68   |  28.80   |  40.13   |  39.50   |  26.41   |   2.27   |   1.92   |   456.39   
  11   |   38   |   6.35   |   6.77   |  29.34   |  28.81   |  40.38   |  39.52   |  27.19   |   2.15   |   1.92   |   467.06   
  11   |   39   |   6.78   |   6.77   |  28.30   |  28.80   |  40.37   |  39.54   |  26.63   |   1.68   |   1.92   |   477.66   
  11   |   40   |   6.51   |   6.76   |  29.18   |  28.81   |  40.47   |  39.57   |  27.20   |   1.98   |   1.92   |   488.31   
  11   |   41   |   6.23   |   6.75   |  29.41   |  28.82   |  40.64   |  39.59   |  27.34   |   2.07   |   1.92   |   498.88   
  11   |   42   |   6.43   |   6.74   |  29.13   |  28.83   |  40.41   |  39.61   |  27.08   |   2.05   |   1.93   |   509.52   
  11   |   43   |   6.56   |   6.74   |  28.80   |  28.83   |  40.70   |  39.64   |  26.98   |   1.82   |   1.92   |   520.12   
  11   |   44   |   6.93   |   6.74   |  28.30   |  28.82   |  40.86   |  39.66   |  26.49   |   1.81   |   1.92   |   530.77   
  11   |   45   |   6.65   |   6.74   |  28.76   |  28.82   |  40.49   |  39.68   |  27.05   |   1.71   |   1.92   |   541.38   
  11   |   46   |   6.79   |   6.74   |  28.60   |  28.81   |  40.41   |  39.70   |  26.68   |   1.92   |   1.92   |   552.00   
  11   |   47   |   6.31   |   6.73   |  29.27   |  28.82   |  40.37   |  39.71   |  27.09   |   2.19   |   1.92   |   562.59   
  11   |   48   |   6.81   |   6.73   |  28.53   |  28.82   |  39.83   |  39.71   |  26.74   |   1.79   |   1.92   |   573.24   
  11   |   49   |   6.58   |   6.73   |  28.59   |  28.81   |  39.96   |  39.72   |  26.61   |   1.98   |   1.92   |   583.84   
  11   |   50   |   6.28   |   6.72   |  29.28   |  28.82   |  40.66   |  39.74   |  27.30   |   1.97   |   1.92   |   594.49   
  11   |   51   |   6.27   |   6.71   |  29.27   |  28.83   |  40.87   |  39.76   |  27.35   |   1.92   |   1.92   |   605.12   
  11   |   52   |   6.79   |   6.71   |  28.62   |  28.82   |  40.54   |  39.77   |  26.82   |   1.80   |   1.92   |   615.77   
  11   |   53   |   6.21   |   6.70   |  29.54   |  28.84   |  40.95   |  39.79   |  27.69   |   1.85   |   1.92   |   626.38   
  11   |   54   |   6.71   |   6.70   |  28.45   |  28.83   |  40.29   |  39.80   |  26.51   |   1.94   |   1.92   |   637.02   
  11   |   55   |   6.89   |   6.71   |  28.40   |  28.82   |  40.56   |  39.82   |  26.68   |   1.72   |   1.92   |   647.63   
  11   |   56   |   7.26   |   6.72   |  28.14   |  28.81   |  39.95   |  39.82   |  26.35   |   1.80   |   1.91   |   658.29   
  11   |   57   |   6.25   |   6.71   |  29.36   |  28.82   |  40.83   |  39.84   |  27.46   |   1.89   |   1.91   |   668.88   
  11   |   58   |   6.06   |   6.70   |  29.80   |  28.84   |  40.75   |  39.85   |  27.69   |   2.11   |   1.92   |   679.52   
  11   |   59   |   7.08   |   6.70   |  28.22   |  28.83   |  39.99   |  39.86   |  26.27   |   1.95   |   1.92   |   690.10   
  11   |   60   |   6.97   |   6.71   |  28.40   |  28.82   |  40.42   |  39.86   |  26.46   |   1.94   |   1.92   |   700.77   
  11   |   61   |   7.11   |   6.72   |  28.19   |  28.81   |  39.89   |  39.86   |  26.30   |   1.89   |   1.92   |   711.38   
  11   |   62   |   6.43   |   6.71   |  29.13   |  28.81   |  39.85   |  39.86   |  26.89   |   2.24   |   1.92   |   722.03   
  11   |   63   |   7.04   |   6.72   |  28.34   |  28.81   |  40.29   |  39.87   |  26.59   |   1.74   |   1.92   |   732.64   
  11   |   64   |   6.09   |   6.71   |  29.70   |  28.82   |  40.94   |  39.89   |  27.70   |   2.00   |   1.92   |   743.30   
  11   |   65   |   6.90   |   6.71   |  28.34   |  28.81   |  39.80   |  39.89   |  26.26   |   2.09   |   1.92   |   753.93   
  11   |   66   |   6.12   |   6.70   |  29.58   |  28.83   |  41.23   |  39.91   |  27.57   |   2.01   |   1.92   |   764.57   
  11   |   67   |   6.64   |   6.70   |  28.82   |  28.83   |  40.71   |  39.92   |  27.09   |   1.73   |   1.92   |   775.19   
  11   |   68   |   6.69   |   6.70   |  28.66   |  28.82   |  39.84   |  39.92   |  26.79   |   1.87   |   1.92   |   785.86   
  11   |   69   |   6.81   |   6.70   |  28.68   |  28.82   |  40.67   |  39.93   |  26.92   |   1.77   |   1.92   |   796.45   
  11   |   70   |   6.68   |   6.70   |  28.98   |  28.82   |  40.55   |  39.94   |  27.14   |   1.84   |   1.92   |   807.11   
  11   |   71   |   6.64   |   6.70   |  28.61   |  28.82   |  40.20   |  39.94   |  26.67   |   1.94   |   1.92   |   817.73   
  11   |   72   |   6.59   |   6.70   |  28.90   |  28.82   |  40.51   |  39.95   |  26.86   |   2.03   |   1.92   |   828.39   
  11   |   73   |   6.12   |   6.69   |  29.48   |  28.83   |  40.77   |  39.96   |  27.29   |   2.19   |   1.92   |   838.98   
  11   |   74   |   6.54   |   6.69   |  28.77   |  28.83   |  40.63   |  39.97   |  27.30   |   1.46   |   1.92   |   849.66   
  11   |   75   |   6.35   |   6.68   |  28.97   |  28.83   |  40.91   |  39.98   |  27.24   |   1.73   |   1.91   |   860.24   
  11   |   76   |   6.82   |   6.69   |  28.68   |  28.83   |  40.04   |  39.98   |  26.38   |   2.30   |   1.92   |   870.87   
  11   |   77   |   6.68   |   6.69   |  28.90   |  28.83   |  39.87   |  39.98   |  26.84   |   2.06   |   1.92   |   881.46   
  11   |   78   |   6.24   |   6.68   |  29.29   |  28.84   |  39.62   |  39.98   |  27.12   |   2.17   |   1.92   |   892.10   
  11   |   79   |   7.04   |   6.68   |  28.30   |  28.83   |  40.18   |  39.98   |  26.70   |   1.60   |   1.92   |   902.71   
  11   |   80   |   6.81   |   6.69   |  28.74   |  28.83   |  39.83   |  39.98   |  26.53   |   2.21   |   1.92   |   913.35   
  11   |   81   |   6.36   |   6.68   |  28.99   |  28.83   |  40.72   |  39.99   |  27.30   |   1.69   |   1.92   |   923.94   
  11   |   82   |   6.81   |   6.68   |  28.60   |  28.83   |  39.78   |  39.98   |  26.35   |   2.25   |   1.92   |   934.59   
  11   |   83   |   6.16   |   6.68   |  29.11   |  28.83   |  40.74   |  39.99   |  27.02   |   2.09   |   1.93   |   945.18   
  11   |   84   |   5.96   |   6.67   |  29.85   |  28.84   |  40.91   |  40.00   |  27.42   |   2.44   |   1.93   |   955.84   
  11   |   85   |   6.73   |   6.67   |  28.84   |  28.84   |  39.99   |  40.00   |  26.71   |   2.13   |   1.94   |   966.48   
  11   |   86   |   6.74   |   6.67   |  28.59   |  28.84   |  40.06   |  40.00   |  26.77   |   1.82   |   1.93   |   977.13   
  11   |   87   |   6.25   |   6.67   |  29.40   |  28.85   |  39.89   |  40.00   |  27.17   |   2.23   |   1.94   |   987.75   
  11   |   88   |   6.49   |   6.66   |  29.11   |  28.85   |  40.34   |  40.01   |  27.00   |   2.11   |   1.94   |   998.37   
  11   |   89   |   6.70   |   6.66   |  28.32   |  28.84   |  40.91   |  40.02   |  27.00   |   1.32   |   1.93   |  1008.97   
  11   |   90   |   6.41   |   6.66   |  29.04   |  28.85   |  40.26   |  40.02   |  26.76   |   2.28   |   1.94   |  1019.63   
  11   |   91   |   6.04   |   6.65   |  29.78   |  28.86   |  41.30   |  40.03   |  27.95   |   1.82   |   1.93   |  1030.23   
  11   |   92   |   7.14   |   6.66   |  28.06   |  28.85   |  40.26   |  40.03   |  26.26   |   1.80   |   1.93   |  1040.87   
  11   |   93   |   6.25   |   6.66   |  29.27   |  28.85   |  40.61   |  40.04   |  27.23   |   2.03   |   1.93   |  1051.46   
  11   |   94   |   6.29   |   6.65   |  29.31   |  28.86   |  40.43   |  40.04   |  27.18   |   2.12   |   1.94   |  1062.12   
  11   |   95   |   6.93   |   6.65   |  28.17   |  28.85   |  40.20   |  40.05   |  26.36   |   1.82   |   1.94   |  1072.69   
  11   |   96   |   6.42   |   6.65   |  29.32   |  28.85   |  40.31   |  40.05   |  27.29   |   2.03   |   1.94   |  1083.33   
  11   |   97   |   7.05   |   6.66   |  28.33   |  28.85   |  40.10   |  40.05   |  26.41   |   1.92   |   1.94   |  1093.94   
  11   |   98   |   6.51   |   6.65   |  29.10   |  28.85   |  40.87   |  40.06   |  27.17   |   1.93   |   1.94   |  1104.58   
  11   |   99   |   6.68   |   6.66   |  28.50   |  28.85   |  40.86   |  40.07   |  27.03   |   1.47   |   1.93   |  1115.19   
  11   |  100   |   7.01   |   6.66   |  28.23   |  28.84   |  40.36   |  40.07   |  26.64   |   1.59   |   1.93   |  1125.83   
  11   |  101   |   6.47   |   6.66   |  29.26   |  28.85   |  40.61   |  40.07   |  27.10   |   2.16   |   1.93   |  1136.42   
  11   |  102   |   6.51   |   6.66   |  28.92   |  28.85   |  39.83   |  40.07   |  26.56   |   2.36   |   1.93   |  1147.05   
  11   |  103   |   6.89   |   6.66   |  28.07   |  28.84   |  40.71   |  40.08   |  26.60   |   1.47   |   1.93   |  1157.63   
  11   |  104   |   6.20   |   6.65   |  29.36   |  28.84   |  40.85   |  40.09   |  27.16   |   2.21   |   1.93   |  1168.28   
  11   |  105   |   6.21   |   6.65   |  29.47   |  28.85   |  40.56   |  40.09   |  27.61   |   1.86   |   1.93   |  1178.87   
  11   |  106   |   6.47   |   6.65   |  29.02   |  28.85   |  39.95   |  40.09   |  26.86   |   2.16   |   1.93   |  1189.51   
  11   |  107   |   6.52   |   6.65   |  28.92   |  28.85   |  40.46   |  40.09   |  27.00   |   1.92   |   1.93   |  1200.13   
  11   |  108   |   6.38   |   6.64   |  29.27   |  28.86   |  40.30   |  40.09   |  26.99   |   2.27   |   1.94   |  1210.78   
  11   |  109   |   6.35   |   6.64   |  29.16   |  28.86   |  40.24   |  40.09   |  27.05   |   2.11   |   1.94   |  1221.36   
  11   |  110   |   6.59   |   6.64   |  28.83   |  28.86   |  39.97   |  40.09   |  26.78   |   2.06   |   1.94   |  1232.00   
  11   |  111   |   6.88   |   6.64   |  28.34   |  28.85   |  40.45   |  40.10   |  26.36   |   1.98   |   1.94   |  1242.62   
  11   |  112   |   6.44   |   6.64   |  29.12   |  28.86   |  40.44   |  40.10   |  27.11   |   2.01   |   1.94   |  1253.29   
  11   |  113   |   6.51   |   6.64   |  28.79   |  28.86   |  40.21   |  40.10   |  26.60   |   2.19   |   1.94   |  1263.90   
  11   |  114   |   6.23   |   6.64   |  29.63   |  28.86   |  40.52   |  40.10   |  27.56   |   2.07   |   1.94   |  1274.55   
  11   |  115   |   6.67   |   6.64   |  28.48   |  28.86   |  39.69   |  40.10   |  26.21   |   2.28   |   1.95   |  1285.15   
  11   |  116   |   6.26   |   6.63   |  29.44   |  28.86   |  41.12   |  40.11   |  27.53   |   1.91   |   1.95   |  1295.77   
  11   |  117   |   6.59   |   6.63   |  28.79   |  28.86   |  40.06   |  40.11   |  26.56   |   2.23   |   1.95   |  1306.39   
  11   |  118   |   6.87   |   6.63   |  28.74   |  28.86   |  40.45   |  40.11   |  26.95   |   1.79   |   1.95   |  1317.05   
  11   |  119   |   6.54   |   6.63   |  29.04   |  28.86   |  40.64   |  40.12   |  27.07   |   1.98   |   1.95   |  1327.67   
  11   |  120   |   6.72   |   6.63   |  28.61   |  28.86   |  40.38   |  40.12   |  26.53   |   2.08   |   1.95   |  1338.33   
  11   |  121   |   6.76   |   6.64   |  28.72   |  28.86   |  40.10   |  40.12   |  26.56   |   2.16   |   1.95   |  1348.93   
  11   |  122   |   6.88   |   6.64   |  28.40   |  28.86   |  40.40   |  40.12   |  26.57   |   1.82   |   1.95   |  1359.57   
  11   |  123   |   6.48   |   6.64   |  28.87   |  28.86   |  40.67   |  40.13   |  26.96   |   1.91   |   1.95   |  1370.17   
  11   |  124   |   6.15   |   6.63   |  29.47   |  28.86   |  41.15   |  40.13   |  27.61   |   1.86   |   1.95   |  1380.83   
  11   |  125   |   6.68   |   6.63   |  28.66   |  28.86   |  40.40   |  40.14   |  26.69   |   1.97   |   1.95   |  1391.44   
  11   |  126   |   6.69   |   6.63   |  28.63   |  28.86   |  40.90   |  40.14   |  27.04   |   1.59   |   1.95   |  1402.10   
  11   |  127   |   6.44   |   6.63   |  29.04   |  28.86   |  41.03   |  40.15   |  27.30   |   1.75   |   1.94   |  1412.72   
  11   |  128   |   6.34   |   6.63   |  29.28   |  28.86   |  40.64   |  40.15   |  26.91   |   2.37   |   1.95   |  1423.38   
  11   |  129   |   7.31   |   6.63   |  27.87   |  28.86   |  40.17   |  40.15   |  26.04   |   1.82   |   1.95   |  1433.97   
  11   |  130   |   6.38   |   6.63   |  29.11   |  28.86   |  41.36   |  40.16   |  27.27   |   1.84   |   1.95   |  1444.62   
  11   |  131   |   6.47   |   6.63   |  28.96   |  28.86   |  40.29   |  40.16   |  26.94   |   2.02   |   1.95   |  1455.24   
  11   |  132   |   6.43   |   6.63   |  29.08   |  28.86   |  41.31   |  40.17   |  27.11   |   1.96   |   1.95   |  1465.91   
  11   |  133   |   6.82   |   6.63   |  28.47   |  28.86   |  40.49   |  40.17   |  26.65   |   1.82   |   1.95   |  1476.53   
  11   |  134   |   6.24   |   6.63   |  29.39   |  28.86   |  40.61   |  40.18   |  27.40   |   2.00   |   1.95   |  1487.16   
  11   |  135   |   6.62   |   6.63   |  28.71   |  28.86   |  40.51   |  40.18   |  26.67   |   2.05   |   1.95   |  1497.77   
  11   |  136   |   6.69   |   6.63   |  28.71   |  28.86   |  40.38   |  40.18   |  26.87   |   1.83   |   1.95   |  1508.43   
  11   |  137   |   6.77   |   6.63   |  28.79   |  28.86   |  40.89   |  40.19   |  26.85   |   1.94   |   1.95   |  1519.08   
  11   |  138   |   6.10   |   6.63   |  29.55   |  28.86   |  41.02   |  40.19   |  27.78   |   1.77   |   1.94   |  1529.74   
  11   |  139   |   6.29   |   6.62   |  29.32   |  28.87   |  40.51   |  40.19   |  27.21   |   2.12   |   1.95   |  1540.35   
  11   |  140   |   6.54   |   6.62   |  28.95   |  28.87   |  40.89   |  40.20   |  27.24   |   1.71   |   1.94   |  1550.98   
  11   |  141   |   6.94   |   6.63   |  28.30   |  28.86   |  39.97   |  40.20   |  26.46   |   1.84   |   1.94   |  1561.60   
  11   |  142   |   6.24   |   6.62   |  29.03   |  28.86   |  40.77   |  40.20   |  27.04   |   1.99   |   1.94   |  1572.19   
  11   |  143   |   7.03   |   6.63   |  27.97   |  28.86   |  40.54   |  40.20   |  26.29   |   1.67   |   1.94   |  1582.82   
  11   |  144   |   6.65   |   6.63   |  28.65   |  28.86   |  39.99   |  40.20   |  26.65   |   2.00   |   1.94   |  1593.41   
  11   |  145   |   6.25   |   6.62   |  29.12   |  28.86   |  41.63   |  40.21   |  27.28   |   1.84   |   1.94   |  1604.08   
  11   |  146   |   6.87   |   6.62   |  28.59   |  28.86   |  40.80   |  40.22   |  26.62   |   1.97   |   1.94   |  1614.68   
  11   |  147   |   7.06   |   6.63   |  28.46   |  28.85   |  40.28   |  40.22   |  26.39   |   2.06   |   1.94   |  1625.32   
  11   |  148   |   6.59   |   6.63   |  28.52   |  28.85   |  40.87   |  40.22   |  26.55   |   1.97   |   1.94   |  1635.92   
  11   |  149   |   6.29   |   6.63   |  28.95   |  28.85   |  40.62   |  40.22   |  27.28   |   1.67   |   1.94   |  1646.57   
  11   |  150   |   6.53   |   6.62   |  29.05   |  28.85   |  40.64   |  40.23   |  27.21   |   1.84   |   1.94   |  1657.15   
  11   |  151   |   6.33   |   6.62   |  29.11   |  28.86   |  41.26   |  40.23   |  27.34   |   1.77   |   1.94   |  1667.84   
  11   |  152   |   6.57   |   6.62   |  28.85   |  28.86   |  40.77   |  40.24   |  26.97   |   1.88   |   1.94   |  1678.45   
  11   |  153   |   6.43   |   6.62   |  29.14   |  28.86   |  40.53   |  40.24   |  27.13   |   2.02   |   1.94   |  1689.12   
  11   |  154   |   6.67   |   6.62   |  28.92   |  28.86   |  40.71   |  40.24   |  26.80   |   2.13   |   1.94   |  1699.69   
  11   |  155   |   6.70   |   6.62   |  28.77   |  28.86   |  40.60   |  40.24   |  26.83   |   1.94   |   1.94   |  1710.35   
  11   |  156   |   6.47   |   6.62   |  29.16   |  28.86   |  40.87   |  40.25   |  27.41   |   1.75   |   1.94   |  1720.97   
  11   |  157   |   6.58   |   6.62   |  28.92   |  28.86   |  40.87   |  40.25   |  27.14   |   1.77   |   1.94   |  1731.64   
  11   |  158   |   6.15   |   6.62   |  29.29   |  28.86   |  40.71   |  40.25   |  27.16   |   2.14   |   1.94   |  1742.25   
  11   |  159   |   7.08   |   6.62   |  28.01   |  28.86   |  40.68   |  40.26   |  26.34   |   1.67   |   1.94   |  1752.93   
  11   |  160   |   6.62   |   6.62   |  28.91   |  28.86   |  40.27   |  40.26   |  26.78   |   2.13   |   1.94   |  1763.53   
  11   |  161   |   6.68   |   6.62   |  28.61   |  28.86   |  40.80   |  40.26   |  26.97   |   1.64   |   1.94   |  1774.18   
  11   |  162   |   6.76   |   6.62   |  28.64   |  28.85   |  41.17   |  40.27   |  26.86   |   1.78   |   1.94   |  1784.78   
  11   |  163   |   6.41   |   6.62   |  29.03   |  28.86   |  40.41   |  40.27   |  26.79   |   2.24   |   1.94   |  1795.43   
  11   |  164   |   6.73   |   6.62   |  28.47   |  28.85   |  41.01   |  40.27   |  26.88   |   1.59   |   1.94   |  1806.05   
  11   |  165   |   6.74   |   6.62   |  28.52   |  28.85   |  39.76   |  40.27   |  26.51   |   2.01   |   1.94   |  1816.71   
  11   |  166   |   6.57   |   6.62   |  28.86   |  28.85   |  40.89   |  40.27   |  27.18   |   1.68   |   1.93   |  1827.34   
  11   |  167   |   6.51   |   6.62   |  28.99   |  28.85   |  40.43   |  40.27   |  26.93   |   2.06   |   1.94   |  1838.00   
  11   |  168   |   6.77   |   6.62   |  28.74   |  28.85   |  40.55   |  40.27   |  26.66   |   2.08   |   1.94   |  1848.60   
  11   |  169   |   6.63   |   6.62   |  28.83   |  28.85   |  41.03   |  40.28   |  27.10   |   1.73   |   1.94   |  1859.27   
  11   |  170   |   6.58   |   6.62   |  28.79   |  28.85   |  40.73   |  40.28   |  26.68   |   2.11   |   1.94   |  1869.86   
  11   |  171   |   6.49   |   6.62   |  28.90   |  28.85   |  41.06   |  40.29   |  27.04   |   1.86   |   1.94   |  1880.51   
  11   |  172   |   7.10   |   6.62   |  28.03   |  28.85   |  40.83   |  40.29   |  26.24   |   1.79   |   1.93   |  1891.09   
  11   |  173   |   6.10   |   6.62   |  29.45   |  28.85   |  40.87   |  40.29   |  27.17   |   2.28   |   1.94   |  1901.75   
  11   |  174   |   6.34   |   6.62   |  29.03   |  28.85   |  40.50   |  40.29   |  26.80   |   2.23   |   1.94   |  1912.39   
  11   |  175   |   6.54   |   6.62   |  28.88   |  28.85   |  41.06   |  40.30   |  26.95   |   1.92   |   1.94   |  1923.04   
  11   |  176   |   6.39   |   6.62   |  28.91   |  28.85   |  40.71   |  40.30   |  26.94   |   1.97   |   1.94   |  1933.63   
  11   |  177   |   6.61   |   6.62   |  28.87   |  28.85   |  40.52   |  40.30   |  26.95   |   1.91   |   1.94   |  1944.27   
  11   |  178   |   6.45   |   6.62   |  29.11   |  28.85   |  40.63   |  40.30   |  26.95   |   2.17   |   1.94   |  1954.89   
  11   |  179   |   6.59   |   6.62   |  28.85   |  28.85   |  40.45   |  40.30   |  26.73   |   2.12   |   1.94   |  1965.55   
  11   |  180   |   6.94   |   6.62   |  28.34   |  28.85   |  40.58   |  40.31   |  26.59   |   1.75   |   1.94   |  1976.17   
  11   |  181   |   6.44   |   6.62   |  29.05   |  28.85   |  40.55   |  40.31   |  27.09   |   1.96   |   1.94   |  1986.84   
  11   |  182   |   6.63   |   6.62   |  28.67   |  28.85   |  40.37   |  40.31   |  26.67   |   2.00   |   1.94   |  1997.46   
  11   |  183   |   6.22   |   6.61   |  29.20   |  28.85   |  40.85   |  40.31   |  27.38   |   1.82   |   1.94   |  2008.13   
  11   |  184   |   6.30   |   6.61   |  29.26   |  28.85   |  41.14   |  40.32   |  27.40   |   1.86   |   1.94   |  2018.78   
  11   |  185   |   6.47   |   6.61   |  28.80   |  28.85   |  40.23   |  40.31   |  26.80   |   2.00   |   1.94   |  2029.43   
  11   |  186   |   6.31   |   6.61   |  29.29   |  28.86   |  41.29   |  40.32   |  27.49   |   1.80   |   1.94   |  2040.04   
  11   |  187   |   6.52   |   6.61   |  29.07   |  28.86   |  40.36   |  40.32   |  27.08   |   2.00   |   1.94   |  2050.71   
  11   |  188   |   6.46   |   6.61   |  29.06   |  28.86   |  40.77   |  40.32   |  26.98   |   2.09   |   1.94   |  2061.32   
  11   |  189   |   6.49   |   6.61   |  29.07   |  28.86   |  41.02   |  40.33   |  27.15   |   1.91   |   1.94   |  2071.99   
  11   |  190   |   6.86   |   6.61   |  28.63   |  28.86   |  40.19   |  40.33   |  26.50   |   2.13   |   1.94   |  2082.62   
  11   |  191   |   5.97   |   6.61   |  29.72   |  28.86   |  41.04   |  40.33   |  27.67   |   2.05   |   1.94   |  2093.31   
  11   |  192   |   6.76   |   6.61   |  28.61   |  28.86   |  40.21   |  40.33   |  26.79   |   1.82   |   1.94   |  2103.91   
  11   |  193   |   6.45   |   6.61   |  29.13   |  28.86   |  40.06   |  40.33   |  26.91   |   2.22   |   1.94   |  2114.56   
  11   |  194   |   6.63   |   6.61   |  28.75   |  28.86   |  40.09   |  40.33   |  26.80   |   1.96   |   1.94   |  2125.16   
  11   |  195   |   6.49   |   6.61   |  29.06   |  28.86   |  41.02   |  40.33   |  27.24   |   1.82   |   1.94   |  2135.82   
  11   |  196   |   6.40   |   6.61   |  29.28   |  28.87   |  40.85   |  40.33   |  27.41   |   1.87   |   1.94   |  2146.42   
  11   |  197   |   6.49   |   6.60   |  28.95   |  28.87   |  40.34   |  40.33   |  26.59   |   2.36   |   1.94   |  2157.07   
  11   |  198   |   6.65   |   6.60   |  29.06   |  28.87   |  40.14   |  40.33   |  26.64   |   2.42   |   1.95   |  2167.65   
